--- Startup times for process: Primary/TUI ---

times in msec
 clock   self+sourced   self:  sourced script
 clock   elapsed:              other lines

000.002  000.002: --- NVIM STARTING ---
000.145  000.144: event init
000.209  000.064: early init
000.241  000.032: locale set
000.276  000.035: init first window
000.465  000.189: inits 1
000.475  000.010: window checked
000.519  000.044: parsing arguments
000.947  000.031  000.031: require('vim.shared')
001.008  000.031  000.031: require('vim.inspect')
001.043  000.025  000.025: require('vim._options')
001.044  000.095  000.038: require('vim._editor')
001.044  000.146  000.020: require('vim._init_packages')
001.046  000.380: init lua interpreter
001.725  000.679: --- NVIM STARTED ---

--- Startup times for process: Embedded ---

times in msec
 clock   self+sourced   self:  sourced script
 clock   elapsed:              other lines

000.002  000.002: --- NVIM STARTING ---
000.129  000.127: event init
000.177  000.048: early init
000.203  000.026: locale set
000.233  000.030: init first window
000.388  000.156: inits 1
000.397  000.009: window checked
000.434  000.037: parsing arguments
000.750  000.025  000.025: require('vim.shared')
000.812  000.029  000.029: require('vim.inspect')
000.845  000.024  000.024: require('vim._options')
000.846  000.095  000.041: require('vim._editor')
000.847  000.136  000.016: require('vim._init_packages')
000.848  000.279: init lua interpreter
000.905  000.057: expanding arguments
000.921  000.016: inits 2
001.082  000.161: init highlight
001.083  000.001: waiting for UI
001.166  000.083: done waiting for UI
001.168  000.002: clear screen
001.212  000.003  000.003: require('vim.keymap')
001.476  000.306  000.304: require('vim._defaults')
001.478  000.003: init default mappings & autocommands
001.706  000.032  000.032: sourcing /usr/share/nvim/runtime/ftplugin.vim
001.741  000.015  000.015: sourcing /usr/share/nvim/runtime/indent.vim
001.817  000.048  000.048: sourcing /usr/share/nvim/archlinux.lua
001.820  000.064  000.015: sourcing /etc/xdg/nvim/sysinit.vim
002.225  000.129  000.129: require('pkg.prefs')
002.938  000.015  000.015: require('vim.fs')
002.961  000.149  000.134: require('vim.lsp.log')
003.476  000.513  000.513: require('vim.lsp.protocol')
004.635  000.233  000.233: require('vim.lsp._snippet_grammar')
004.744  000.104  000.104: require('vim.highlight')
004.749  000.003  000.003: require('vim.F')
004.783  001.305  000.964: require('vim.lsp.util')
005.045  000.112  000.112: require('vim.lsp.sync')
005.049  000.264  000.152: require('vim.lsp._changetracking')
005.373  000.323  000.323: require('vim.lsp.rpc')
005.439  003.144  000.590: require('vim.lsp')
005.749  000.308  000.308: require('vim.lsp.buf')
005.965  003.738  000.285: require('pkg.remaps')
006.286  000.256  000.256: require('lazy')
006.306  000.011  000.011: require('ffi')
006.397  000.072  000.072: require('vim.uri')
006.417  000.110  000.038: require('vim.loader')
006.553  000.125  000.125: require('lazy.stats')
006.634  000.067  000.067: require('lazy.core.util')
006.741  000.105  000.105: require('lazy.core.config')
006.948  000.090  000.090: require('lazy.core.handler')
007.196  000.056  000.056: require('lazy.pkg')
007.202  000.130  000.074: require('lazy.core.meta')
007.206  000.256  000.126: require('lazy.core.plugin')
007.212  000.469  000.123: require('lazy.core.loader')
007.410  000.050  000.050: require('lazy.core.fragments')
007.688  000.057  000.057: require('pkg.lazy')
007.746  000.050  000.050: require('pkg.lazy.autopairs')
007.858  000.099  000.099: require('pkg.lazy.blankline')
007.996  000.125  000.125: require('pkg.lazy.colors')
008.039  000.035  000.035: require('pkg.lazy.comment')
008.076  000.028  000.028: require('pkg.lazy.harpoon')
008.118  000.037  000.037: require('pkg.lazy.lsp')
008.232  000.023  000.023: require('pkg.lazy.neck')
008.287  000.049  000.049: require('pkg.lazy.snippets')
008.347  000.048  000.048: require('pkg.lazy.telescope')
008.387  000.032  000.032: require('pkg.lazy.treesitter')
008.413  000.021  000.021: require('pkg.lazy.undotree')
008.677  000.044  000.044: require('lazy.core.handler.event')
008.719  000.040  000.040: require('lazy.core.handler.keys')
008.745  000.024  000.024: require('lazy.core.handler.ft')
008.768  000.022  000.022: require('lazy.core.handler.cmd')
009.026  000.121  000.121: sourcing /usr/share/nvim/runtime/filetype.lua
009.755  000.017  000.017: sourcing /home/heyanantraj/.local/share/nvim/lazy/plenary.nvim/plugin/plenary.vim
009.989  000.155  000.155: require('plenary.bit')
010.045  000.054  000.054: require('plenary.functional')
010.065  000.528  000.303: require('plenary.path')
010.191  000.041  000.041: require('plenary.compat')
010.199  000.100  000.059: require('plenary.job')
010.201  000.135  000.035: require('harpoon.utils')
010.332  000.101  000.101: require('plenary.log')
010.348  000.146  000.046: require('harpoon.dev')
010.868  001.451  000.641: require('harpoon')
010.876  001.806  000.355: require('harpoon.mark')
011.154  000.074  000.074: require('plenary.strings')
011.159  000.135  000.061: require('plenary.window.border')
011.253  000.093  000.093: require('plenary.window')
011.315  000.060  000.060: require('plenary.popup.utils')
011.321  000.378  000.090: require('plenary.popup')
011.324  000.447  000.069: require('harpoon.ui')
011.600  000.155  000.155: sourcing /home/heyanantraj/.local/share/nvim/lazy/telescope.nvim/plugin/telescope.lua
012.092  000.105  000.105: require('telescope._extensions')
012.098  000.483  000.378: require('telescope')
012.426  000.149  000.149: require('telescope.deprecated')
012.536  000.076  000.076: require('telescope.log')
012.645  000.042  000.042: require('telescope.state')
012.650  000.112  000.069: require('telescope.utils')
012.655  000.227  000.040: require('telescope.sorters')
013.597  001.498  001.122: require('telescope.config')
014.088  000.069  000.069: require('telescope.builtin')
014.676  000.045  000.045: require('rose-pine.config')
014.678  000.505  000.459: require('rose-pine')
015.205  000.034  000.034: require('rose-pine.utilities')
015.241  000.034  000.034: require('rose-pine.palette')
016.186  001.075  001.007: sourcing /home/heyanantraj/.local/share/nvim/lazy/rose-pine/colors/rose-pine.lua
017.529  000.280  000.280: require('cmp.utils.api')
017.612  000.040  000.040: require('cmp.types.cmp')
017.721  000.060  000.060: require('cmp.utils.misc')
017.747  000.134  000.074: require('cmp.types.lsp')
017.810  000.062  000.062: require('cmp.types.vim')
017.812  000.280  000.044: require('cmp.types')
017.847  000.034  000.034: require('cmp.utils.highlight')
017.923  000.037  000.037: require('cmp.utils.debug')
017.927  000.079  000.042: require('cmp.utils.autocmd')
018.081  000.893  000.220: sourcing /home/heyanantraj/.local/share/nvim/lazy/nvim-cmp/plugin/cmp.lua
020.437  001.980  001.980: require('vim.filetype')
021.115  000.023  000.023: require('luasnip.util.types')
021.119  000.056  000.032: require('luasnip.util.ext_opts')
021.200  000.020  000.020: require('luasnip.util.lazy_table')
021.233  000.031  000.031: require('luasnip.extras.filetype_functions')
021.238  000.090  000.039: require('luasnip.default_config')
021.239  000.120  000.029: require('luasnip.session')
021.241  000.674  000.499: require('luasnip.config')
021.326  000.037  000.037: require('luasnip.util.util')
021.380  000.020  000.020: require('luasnip.nodes.key_indexer')
021.384  000.057  000.037: require('luasnip.nodes.util')
021.451  000.036  000.036: require('luasnip.session.snippet_collection.source')
021.477  000.024  000.024: require('luasnip.util.table')
021.500  000.022  000.022: require('luasnip.util.auto_table')
021.504  000.120  000.037: require('luasnip.session.snippet_collection')
021.576  000.022  000.022: require('luasnip.util.select')
021.603  000.026  000.026: require('luasnip.util.time')
021.836  000.307  000.259: require('luasnip.util._builtin_vars')
021.875  000.371  000.064: require('luasnip.util.environ')
021.909  000.032  000.032: require('luasnip.util.extend_decorator')
021.979  000.040  000.040: require('luasnip.util.path')
022.044  000.035  000.035: require('luasnip.util.log')
022.050  000.070  000.035: require('luasnip.loaders.util')
022.075  000.024  000.024: require('luasnip.loaders.data')
022.116  000.040  000.040: require('luasnip.loaders.fs_watchers')
022.118  000.209  000.035: require('luasnip.loaders')
022.127  000.883  000.059: require('luasnip')
022.136  003.724  000.187: sourcing /home/heyanantraj/.local/share/nvim/lazy/LuaSnip/plugin/luasnip.lua
022.184  000.016  000.016: sourcing /home/heyanantraj/.local/share/nvim/lazy/LuaSnip/plugin/luasnip.vim
022.598  000.063  000.063: sourcing /home/heyanantraj/.local/share/nvim/lazy/nvim-lspconfig/plugin/lspconfig.lua
022.805  000.057  000.057: require('cmp.utils.char')
022.812  000.108  000.051: require('cmp.utils.str')
022.912  000.023  000.023: require('cmp.utils.buffer')
022.948  000.101  000.077: require('cmp.utils.keymap')
022.950  000.137  000.036: require('cmp.utils.feedkeys')
023.066  000.040  000.040: require('cmp.config.mapping')
023.093  000.026  000.026: require('cmp.utils.cache')
023.165  000.035  000.035: require('cmp.config.compare')
023.166  000.071  000.036: require('cmp.config.default')
023.177  000.185  000.048: require('cmp.config')
023.184  000.233  000.048: require('cmp.utils.async')
023.242  000.027  000.027: require('cmp.utils.pattern')
023.245  000.060  000.033: require('cmp.context')
023.410  000.072  000.072: require('cmp.utils.snippet')
023.446  000.034  000.034: require('cmp.matcher')
023.449  000.164  000.058: require('cmp.entry')
023.454  000.208  000.045: require('cmp.source')
023.517  000.024  000.024: require('cmp.utils.event')
023.706  000.022  000.022: require('cmp.utils.options')
023.709  000.065  000.042: require('cmp.utils.window')
023.710  000.192  000.128: require('cmp.view.docs_view')
023.766  000.055  000.055: require('cmp.view.custom_entries_view')
023.838  000.070  000.070: require('cmp.view.wildmenu_entries_view')
023.877  000.038  000.038: require('cmp.view.native_entries_view')
023.917  000.039  000.039: require('cmp.view.ghost_text_view')
023.923  000.469  000.050: require('cmp.view')
024.218  001.568  000.353: require('cmp.core')
024.344  000.043  000.043: require('cmp.config.sources')
024.379  000.033  000.033: require('cmp.config.window')
024.412  001.800  000.155: require('cmp')
024.505  000.049  000.049: require('cmp_nvim_lsp.source')
024.507  000.094  000.046: require('cmp_nvim_lsp')
025.232  000.079  000.079: require('fidget.spinner.patterns')
025.234  000.116  000.038: require('fidget.spinner')
025.277  000.041  000.041: require('fidget.options')
025.309  000.236  000.079: require('fidget.progress.display')
025.421  000.054  000.054: require('fidget.logger')
025.572  000.150  000.150: require('vim.lsp.handlers')
025.577  000.266  000.063: require('fidget.progress.lsp')
025.798  000.056  000.056: require('fidget.poll')
025.801  000.123  000.067: require('fidget.notification.model')
025.903  000.100  000.100: require('fidget.notification.window')
025.986  000.082  000.082: require('fidget.notification.view')
026.012  000.396  000.091: require('fidget.notification')
026.015  000.437  000.041: require('fidget.progress.handle')
026.040  001.022  000.083: require('fidget.progress')
026.188  000.147  000.147: require('fidget.commands')
026.286  000.061  000.061: require('fidget.integration.nvim-tree')
026.332  000.045  000.045: require('fidget.integration.xcodebuild-nvim')
026.335  000.145  000.039: require('fidget.integration')
026.345  001.689  000.375: require('fidget')
026.909  000.042  000.042: require('mason-core.path')
027.049  000.088  000.088: require('mason-core.functional')
027.134  000.035  000.035: require('mason-core.functional.data')
027.140  000.083  000.047: require('mason-core.functional.function')
027.186  000.040  000.040: require('mason-core.functional.relation')
027.289  000.096  000.096: require('mason-core.functional.logic')
027.340  000.428  000.122: require('mason-core.platform')
027.444  000.103  000.103: require('mason.settings')
027.446  000.621  000.047: require('mason')
027.794  000.221  000.221: require('mason-core.functional.list')
027.959  000.158  000.158: require('mason-core.functional.string')
027.990  000.533  000.155: require('mason.api.command')
028.131  000.138  000.138: require('mason-registry.sources')
028.315  000.103  000.103: require('mason-core.log')
028.342  000.026  000.026: require('mason-lspconfig.settings')
028.346  000.206  000.078: require('mason-lspconfig')
028.406  000.024  000.024: require('mason-lspconfig.notify')
028.409  000.057  000.034: require('mason-lspconfig.lspconfig_hook')
028.501  000.091  000.091: require('lspconfig.util')
028.577  000.026  000.026: require('mason-core.functional.table')
028.603  000.100  000.074: require('mason-lspconfig.mappings.server')
028.658  000.023  000.023: require('mason-core.EventEmitter')
028.697  000.037  000.037: require('mason-core.optional')
028.753  000.030  000.030: require('mason-core.async')
028.775  000.020  000.020: require('mason-core.async.uv')
028.778  000.080  000.030: require('mason-core.fs')
028.788  000.184  000.043: require('mason-registry')
028.812  000.023  000.023: require('mason-lspconfig.server_config_extensions')
028.866  000.023  000.023: require('lspconfig.async')
028.867  000.055  000.032: require('lspconfig.configs')
028.898  000.029  000.029: require('lspconfig.server_configurations.omnisharp')
028.986  000.038  000.038: require('mason-lspconfig.ensure_installed')
029.054  000.035  000.035: require('mason-core.result')
029.167  000.049  000.049: require('mason-core.process')
029.211  000.043  000.043: require('mason-core.spawn')
029.214  000.120  000.029: require('mason-core.managers.powershell')
029.252  000.037  000.037: require('mason.version')
029.254  000.196  000.039: require('mason-core.fetch')
029.281  000.026  000.026: require('mason-core.providers')
029.396  000.059  000.059: require('mason-core.purl')
029.402  000.100  000.041: require('mason-core.package')
029.511  000.031  000.031: require('mason-core.installer.registry.expr')
029.516  000.076  000.044: require('mason-core.installer.registry.link')
029.691  000.026  000.026: require('mason-core.receipt')
029.704  000.071  000.045: require('mason-core.installer.context')
029.730  000.026  000.026: require('mason-core.async.control')
029.757  000.026  000.026: require('mason-core.installer.linker')
029.760  000.191  000.068: require('mason-core.installer')
029.779  000.239  000.048: require('mason-core.installer.managers.std')
029.780  000.264  000.024: require('mason-core.installer.registry.schemas')
029.808  000.027  000.027: require('mason-core.installer.registry.util')
029.813  000.409  000.043: require('mason-core.installer.registry')
029.814  000.532  000.023: require('mason-registry.sources.util')
029.819  000.829  000.040: require('mason-registry.sources.github')
032.745  000.023  000.023: require('mason-core.functional.number')
032.757  000.071  000.049: require('mason-lspconfig.api.command')
032.841  000.046  000.046: require('lspconfig')
032.921  000.078  000.078: require('lspconfig/util')
032.995  000.071  000.071: require('lspconfig.server_configurations.gopls')
033.713  000.051  000.051: require('lspconfig.manager')
033.756  000.038  000.038: require('lspconfig.server_configurations.clangd')
034.189  000.056  000.056: require('lspconfig.server_configurations.tsserver')
034.464  000.040  000.040: require('lspconfig.server_configurations.eslint')
035.184  000.166  000.166: require('vim.diagnostic')
035.592  000.033  000.033: require('Comment.config')
035.705  000.070  000.070: require('Comment.ft')
035.710  000.115  000.046: require('Comment.utils')
035.748  000.037  000.037: require('Comment.opfunc')
035.781  000.032  000.032: require('Comment.extra')
035.783  000.471  000.253: require('Comment.api')
035.964  000.683  000.212: sourcing /home/heyanantraj/.local/share/nvim/lazy/Comment.nvim/plugin/Comment.lua
036.072  000.041  000.041: require('Comment')
036.636  000.042  000.042: require('nvim-treesitter.utils')
037.253  000.079  000.079: require('vim.treesitter.language')
037.293  000.038  000.038: require('vim.func')
037.338  000.040  000.040: require('vim.func._memoize')
037.352  000.287  000.130: require('vim.treesitter.query')
037.403  000.050  000.050: require('vim.treesitter._range')
037.448  000.460  000.124: require('vim.treesitter.languagetree')
037.453  000.556  000.096: require('vim.treesitter')
038.033  001.395  000.839: require('nvim-treesitter.parsers')
038.322  000.056  000.056: require('nvim-treesitter.compat')
038.445  000.077  000.077: require('nvim-treesitter.ts_utils')
038.455  000.132  000.055: require('nvim-treesitter.tsrange')
038.506  000.049  000.049: require('nvim-treesitter.caching')
038.519  000.334  000.097: require('nvim-treesitter.query')
038.531  000.439  000.105: require('nvim-treesitter.configs')
038.533  000.499  000.060: require('nvim-treesitter.info')
038.599  000.064  000.064: require('nvim-treesitter.shell_command_selectors')
038.660  002.161  000.162: require('nvim-treesitter.install')
038.702  000.040  000.040: require('nvim-treesitter.statusline')
038.751  000.048  000.048: require('nvim-treesitter.query_predicates')
038.753  002.458  000.209: require('nvim-treesitter')
038.996  002.731  000.273: sourcing /home/heyanantraj/.local/share/nvim/lazy/nvim-treesitter/plugin/nvim-treesitter.lua
039.971  000.078  000.078: require('nvim-treesitter.indent')
040.133  000.073  000.073: require('nvim-treesitter.highlight')
040.419  000.092  000.092: sourcing /home/heyanantraj/.local/share/nvim/lazy/no-neck-pain.nvim/plugin/no-neck-pain.lua
040.592  000.042  000.042: sourcing /usr/share/nvim/runtime/plugin/editorconfig.lua
040.729  000.092  000.092: sourcing /usr/share/nvim/runtime/plugin/gzip.vim
040.840  000.050  000.050: sourcing /usr/share/nvim/runtime/plugin/man.lua
041.345  000.107  000.107: sourcing /usr/share/nvim/runtime/pack/dist/opt/matchit/plugin/matchit.vim
041.358  000.453  000.346: sourcing /usr/share/nvim/runtime/plugin/matchit.vim
041.450  000.072  000.072: sourcing /usr/share/nvim/runtime/plugin/matchparen.vim
041.632  000.156  000.156: sourcing /usr/share/nvim/runtime/plugin/netrwPlugin.vim
041.748  000.071  000.071: sourcing /usr/share/nvim/runtime/plugin/osc52.lua
041.868  000.091  000.091: sourcing /usr/share/nvim/runtime/plugin/rplugin.vim
041.926  000.032  000.032: sourcing /usr/share/nvim/runtime/plugin/shada.vim
041.960  000.010  000.010: sourcing /usr/share/nvim/runtime/plugin/spellfile.vim
042.027  000.044  000.044: sourcing /usr/share/nvim/runtime/plugin/tarPlugin.vim
042.101  000.044  000.044: sourcing /usr/share/nvim/runtime/plugin/tohtml.lua
042.133  000.011  000.011: sourcing /usr/share/nvim/runtime/plugin/tutor.vim
042.233  000.076  000.076: sourcing /usr/share/nvim/runtime/plugin/zipPlugin.vim
042.507  000.078  000.078: require('cmp_luasnip')
042.578  000.192  000.114: sourcing /home/heyanantraj/.local/share/nvim/lazy/cmp_luasnip/after/plugin/cmp_luasnip.lua
042.769  000.104  000.104: require('cmp_cmdline')
042.785  000.155  000.050: sourcing /home/heyanantraj/.local/share/nvim/lazy/cmp-cmdline/after/plugin/cmp_cmdline.lua
043.151  000.081  000.081: require('cmp_path')
043.163  000.326  000.245: sourcing /home/heyanantraj/.local/share/nvim/lazy/cmp-path/after/plugin/cmp_path.lua
043.460  000.061  000.061: require('cmp_buffer.timer')
043.464  000.125  000.064: require('cmp_buffer.buffer')
043.469  000.193  000.067: require('cmp_buffer.source')
043.470  000.227  000.034: require('cmp_buffer')
043.483  000.274  000.047: sourcing /home/heyanantraj/.local/share/nvim/lazy/cmp-buffer/after/plugin/cmp_buffer.lua
043.666  000.138  000.138: sourcing /home/heyanantraj/.local/share/nvim/lazy/cmp-nvim-lsp/after/plugin/cmp_nvim_lsp.lua
043.697  037.730  011.816: require('pkg.config')
043.715  041.868  000.271: require('pkg')
043.716  041.876  000.008: sourcing /home/heyanantraj/.config/nvim/init.lua
043.720  000.256: sourcing vimrc file(s)
044.068  000.091  000.091: sourcing /usr/share/nvim/runtime/filetype.lua
044.237  000.036  000.036: sourcing /usr/share/nvim/runtime/syntax/synload.vim
044.310  000.185  000.150: sourcing /usr/share/nvim/runtime/syntax/syntax.vim
044.313  000.317: inits 3
045.932  001.618: reading ShaDa
046.615  000.305  000.305: require('luasnip.util.directed_graph')
046.738  000.121  000.121: require('luasnip.session.enqueueable_operations')
046.762  000.705  000.280: require('luasnip.loaders.from_lua')
048.106  000.027  000.027: require('luasnip.util.events')
048.114  000.405  000.378: require('luasnip.nodes.node')
048.222  000.107  000.107: require('luasnip.nodes.insertNode')
048.260  000.037  000.037: require('luasnip.nodes.textNode')
048.292  000.031  000.031: require('luasnip.util.mark')
048.321  000.027  000.027: require('luasnip.util.pattern_tokenizer')
048.346  000.024  000.024: require('luasnip.util.dict')
048.565  000.007  000.007: require('jsregexp.core')
048.568  000.058  000.050: require('luasnip-jsregexp')
048.570  000.196  000.138: require('luasnip.util.jsregexp')
048.571  000.224  000.028: require('luasnip.nodes.util.trig_engines')
048.605  001.298  000.443: require('luasnip.nodes.snippet')
048.608  001.458  000.160: require('luasnip.nodes.duplicate')
048.609  001.719  000.261: require('luasnip.loaders.snippet_cache')
048.615  001.850  000.131: require('luasnip.loaders.from_snipmate')
048.829  000.037  000.037: require('luasnip.util.parser.neovim_ast')
048.857  000.027  000.027: require('luasnip.util.str')
048.861  000.107  000.043: require('luasnip.util.parser.ast_utils')
048.911  000.048  000.048: require('luasnip.nodes.functionNode')
048.965  000.053  000.053: require('luasnip.nodes.choiceNode')
049.024  000.058  000.058: require('luasnip.nodes.dynamicNode')
049.057  000.031  000.031: require('luasnip.util.functions')
049.060  000.347  000.050: require('luasnip.util.parser.ast_parser')
049.138  000.077  000.077: require('luasnip.util.parser.neovim_parser')
049.142  000.468  000.044: require('luasnip.util.parser')
049.173  000.030  000.030: require('luasnip.nodes.snippetProxy')
049.294  000.119  000.119: require('luasnip.util.jsonc')
049.300  000.684  000.066: require('luasnip.loaders.from_vscode')
049.324  000.153: opening buffers
049.342  000.018: BufEnter autocommands
049.344  000.001: editing files in windows
052.466  002.988  002.988: sourcing /usr/share/nvim/runtime/autoload/netrw.vim
052.675  000.017  000.017: sourcing /home/heyanantraj/.local/share/nvim/.netrwhist
054.389  000.247  000.247: require('vim.filetype.detect')
057.013  000.173  000.173: sourcing /usr/share/nvim/runtime/syntax/netrw.vim
058.731  000.140  000.140: sourcing /usr/share/nvim/runtime/syntax/netrw.vim
062.153  000.141  000.141: sourcing /usr/share/nvim/runtime/syntax/netrw.vim
062.274  009.224: VimEnter autocommands
062.446  000.172: UIEnter autocommands
062.448  000.001: before starting main loop
062.728  000.280: first screen update
062.729  000.002: --- NVIM STARTED ---

